  MouseTile.cpp
C:\Users\surya\OneDrive\Desktop\RPG-Game-main\RpgGame\MapEditor\src\MouseTile.cpp(27,8): warning C4244: 'initializing': conversion from 'T' to 'int', possible loss of data
C:\Users\surya\OneDrive\Desktop\RPG-Game-main\RpgGame\MapEditor\src\MouseTile.cpp(27,8): warning C4244:         with
C:\Users\surya\OneDrive\Desktop\RPG-Game-main\RpgGame\MapEditor\src\MouseTile.cpp(27,8): warning C4244:         [
C:\Users\surya\OneDrive\Desktop\RPG-Game-main\RpgGame\MapEditor\src\MouseTile.cpp(27,8): warning C4244:             T=float
C:\Users\surya\OneDrive\Desktop\RPG-Game-main\RpgGame\MapEditor\src\MouseTile.cpp(27,8): warning C4244:         ]
C:\Users\surya\OneDrive\Desktop\RPG-Game-main\RpgGame\MapEditor\src\MouseTile.cpp(28,9): warning C4244: 'initializing': conversion from 'T' to 'int', possible loss of data
C:\Users\surya\OneDrive\Desktop\RPG-Game-main\RpgGame\MapEditor\src\MouseTile.cpp(28,9): warning C4244:         with
C:\Users\surya\OneDrive\Desktop\RPG-Game-main\RpgGame\MapEditor\src\MouseTile.cpp(28,9): warning C4244:         [
C:\Users\surya\OneDrive\Desktop\RPG-Game-main\RpgGame\MapEditor\src\MouseTile.cpp(28,9): warning C4244:             T=float
C:\Users\surya\OneDrive\Desktop\RPG-Game-main\RpgGame\MapEditor\src\MouseTile.cpp(28,9): warning C4244:         ]
C:\Users\surya\OneDrive\Desktop\RPG-Game-main\RpgGame\MapEditor\src\MouseTile.cpp(30,8): warning C4244: 'initializing': conversion from 'T' to 'int', possible loss of data
C:\Users\surya\OneDrive\Desktop\RPG-Game-main\RpgGame\MapEditor\src\MouseTile.cpp(30,8): warning C4244:         with
C:\Users\surya\OneDrive\Desktop\RPG-Game-main\RpgGame\MapEditor\src\MouseTile.cpp(30,8): warning C4244:         [
C:\Users\surya\OneDrive\Desktop\RPG-Game-main\RpgGame\MapEditor\src\MouseTile.cpp(30,8): warning C4244:             T=float
C:\Users\surya\OneDrive\Desktop\RPG-Game-main\RpgGame\MapEditor\src\MouseTile.cpp(30,8): warning C4244:         ]
C:\Users\surya\OneDrive\Desktop\RPG-Game-main\RpgGame\MapEditor\src\MouseTile.cpp(31,9): warning C4244: 'initializing': conversion from 'T' to 'int', possible loss of data
C:\Users\surya\OneDrive\Desktop\RPG-Game-main\RpgGame\MapEditor\src\MouseTile.cpp(31,9): warning C4244:         with
C:\Users\surya\OneDrive\Desktop\RPG-Game-main\RpgGame\MapEditor\src\MouseTile.cpp(31,9): warning C4244:         [
C:\Users\surya\OneDrive\Desktop\RPG-Game-main\RpgGame\MapEditor\src\MouseTile.cpp(31,9): warning C4244:             T=float
C:\Users\surya\OneDrive\Desktop\RPG-Game-main\RpgGame\MapEditor\src\MouseTile.cpp(31,9): warning C4244:         ]
C:\Users\surya\OneDrive\Desktop\RPG-Game-main\RpgGame\MapEditor\src\MouseTile.cpp(33,36): warning C4244: 'argument': conversion from 'int' to 'T', possible loss of data
C:\Users\surya\OneDrive\Desktop\RPG-Game-main\RpgGame\MapEditor\src\MouseTile.cpp(33,36): warning C4244:         with
C:\Users\surya\OneDrive\Desktop\RPG-Game-main\RpgGame\MapEditor\src\MouseTile.cpp(33,36): warning C4244:         [
C:\Users\surya\OneDrive\Desktop\RPG-Game-main\RpgGame\MapEditor\src\MouseTile.cpp(33,36): warning C4244:             T=float
C:\Users\surya\OneDrive\Desktop\RPG-Game-main\RpgGame\MapEditor\src\MouseTile.cpp(33,36): warning C4244:         ]
C:\Users\surya\OneDrive\Desktop\RPG-Game-main\RpgGame\MapEditor\src\MouseTile.cpp(33,32): warning C4244: 'argument': conversion from 'int' to 'T', possible loss of data
C:\Users\surya\OneDrive\Desktop\RPG-Game-main\RpgGame\MapEditor\src\MouseTile.cpp(33,32): warning C4244:         with
C:\Users\surya\OneDrive\Desktop\RPG-Game-main\RpgGame\MapEditor\src\MouseTile.cpp(33,32): warning C4244:         [
C:\Users\surya\OneDrive\Desktop\RPG-Game-main\RpgGame\MapEditor\src\MouseTile.cpp(33,32): warning C4244:             T=float
C:\Users\surya\OneDrive\Desktop\RPG-Game-main\RpgGame\MapEditor\src\MouseTile.cpp(33,32): warning C4244:         ]
  main.cpp
  Generating code
  4 of 116 functions ( 3.4%) were compiled, the rest were copied from previous compilation.
    1 functions were new in current compilation
    0 functions had inline decision re-evaluated but remain unchanged
  Finished generating code
  MapEditor.vcxproj -> C:\Users\surya\OneDrive\Desktop\RPG-Game-main\RpgGame\x64\Release\MapEditor.exe
